[    0.000000] Initializing cgroup subsys cpuset
[    0.000000] Initializing cgroup subsys cpu
[    0.000000] Initializing cgroup subsys cpuacct
[    0.000000] Linux version 4.4.0-47-generic (buildd@lcy01-03) (gcc version 5.4.0 20160609 (Ubuntu 5.4.0-6ubuntu1~16.04.2) ) #68-Ubuntu SMP Wed Oct 26 19:39:52 UTC 2016 (Ubuntu 4.4.0-47.68-generic 4.4.24)
[    0.000000] Command line: BOOT_IMAGE=/boot/vmlinuz-4.4.0-47-generic root=LABEL=cloudimg-rootfs ro console=tty1 console=ttyS0
[    0.000000] KERNEL supported cpus:
[    0.000000]   Intel GenuineIntel
[    0.000000]   AMD AuthenticAMD
[    0.000000]   Centaur CentaurHauls
[    0.000000] x86/fpu: xstate_offset[2]:  576, xstate_sizes[2]:  256
[    0.000000] x86/fpu: Supporting XSAVE feature 0x01: 'x87 floating point registers'
[    0.000000] x86/fpu: Supporting XSAVE feature 0x02: 'SSE registers'
[    0.000000] x86/fpu: Supporting XSAVE feature 0x04: 'AVX registers'
[    0.000000] x86/fpu: Enabled xstate features 0x7, context size is 832 bytes, using 'standard' format.
[    0.000000] x86/fpu: Using 'lazy' FPU context switches.
[    0.000000] e820: BIOS-provided physical RAM map:
[    0.000000] BIOS-e820: [mem 0x0000000000000000-0x000000000009fbff] usable
[    0.000000] BIOS-e820: [mem 0x000000000009fc00-0x000000000009ffff] reserved
[    0.000000] BIOS-e820: [mem 0x00000000000f0000-0x00000000000fffff] reserved
[    0.000000] BIOS-e820: [mem 0x0000000000100000-0x00000000dffeffff] usable
[    0.000000] BIOS-e820: [mem 0x00000000dfff0000-0x00000000dfffffff] ACPI dat
[    0.000000] BIOS-e820: [mem 0x00000000fec00000-0x00000000fec00fff] reserved
[    0.000000] BIOS-e820: [mem 0x00000000fee00000-0x00000000fee00fff] reserved
[    0.000000] BIOS-e820: [mem 0x00000000fffc0000-0x00000000ffffffff] reserved
[    0.000000] BIOS-e820: [mem 0x0000000100000000-0x000000033fffffff] usable
[    0.000000] NX (Execute Disable) protection: active
[    0.000000] SMBIOS 2.5 present.
[    0.000000 Hypevisor detected: KVM
[    0.000000] e820: last_pfn = 0x340000 max_arch_pfn = 0x400000000
[    0.000000] MTRR: Disabled
[    0.000000] x86/PAT: MTRRs disabled, skipping PAT initialization too.
[    0.000000] x86/PAT: Configuration [0-7]: WB  WT  UC- UC  WB  WT  UC- UC  
[    0.000000] CPU MTRRs all blank - virtualized system.
[    0.000000] e820: last_pfn = 0xdfff0 max_arch_pfn = 0x400000000
[    0.000000] found SMP MP-table at [mem 0x0009fff0-0x0009ffff] mapped at [ffff88000009fff0]
[    0.000000] Scanning 1 areas for low memory corruption
[    0.000000] RAMDISK: [mem 0x36fc2000-0x377d8fff]
[    0.000000] ACPI: Early table checksum verification disabled
[    0.000000] ACPI: RSDP 0x00000000000E0000 000024 (v02 VBOX  )
[    0.000000] ACPI: XSDT 0x00000000DFFF0030 00003C (v01 VBOX   VBOXXSDT 00000001 ASL  00000061)
[    0.000000] ACPI: FACP 0x00000000DFFF00F0 0000F4 (v04 VBOX   VBOXFACP 00000001 ASL  00000061)
[    0.000000] ACPI: DSDT 0x00000000DFFF0480 00210F (v01 VBOX   VBOXBIOS 00000002 INTL 20140214)
[    0.000000] ACPI: FACS 0x00000000DFFF0200 000040
[    0.000000] ACPI: FACS 0x00000000DFFF0200 000040
[    0.000000] ACPI: APIC 0x00000000DFFF0240 00006C (v02 VBOX   VBOXAPIC 00000001 ASL  00000061)
[    0.000000] ACPI: SSDT 0x00000000DFFF02B0 0001CC (v01 VBOX   VBOXCPUT 00000002 INTL 20140214)
[    0.000000] No NUMA configuration found
[    0.000000] Faking a node at [mem 0x0000000000000000-0x000000033fffffff]
[    0.000000] NODE_DATA(0) allocated [mem 0x33fff1000-0x33fff5fff]
[    0.000000] kvm-clock: Using msrs 4b564d01 and 4b564d00
[    0.000000] kvm-clock: cpu 0, msr 3:3ffed001, primary cpu clock
[    0.000000] kvm-clock: using sched offset of 2736873442 cycles
[    0.000000] clocksource: kvm-clock: mask: 0xffffffffffffffff max_cycles: 0x1cd42e4dffb, max_idle_ns: 881590591483 ns
[    0.000000] Zone ranges:
[    0.000000]   DMA      [mem 0x0000000000001000-0x0000000000ffffff]
[    0.000000]   DMA32    [mem 0x0000000001000000-0x00000000ffffffff]
[    0.000000]   Normal   [mem 0x0000000100000000-0x000000033fffffff]
[    0.000000]   Device   empty
[    0.000000] Movable zone start for each node
[    0.000000] Early memory node ranges
[    0.000000]   node   0: [mem 0x0000000000001000-0x000000000009efff]
[    0.000000]   node   0: [mem 0x0000000000100000-0x00000000dffeffff]
[    0.000000]   node   0: [mem 0x0000000100000000-0x000000033fffffff]
[    0.000000] Initmem setup node 0 [mem 0x0000000000001000-0x000000033fffffff]
[    0.000000] ACPI: PM-Timer IO Port: 0x4008
[    0.000000] IOAPIC[0]: apic_id 4, version 32, address 0xfec00000, GSI 0-23
[    0.000000] ACPI: INT_SRC_OVR (bus 0 bus_irq 0 global_irq 2 dfl dfl)
[    0.000000] ACPI: INT_SRC_OVR (bus 0 bus_irq 9 global_irq 9 high level)
[    0.000000] Using ACPI (MADT) for SMP configuration information
[    0.000000] smpboot: Allowing 4 CPUs, 0 hotplug CPUs
[    0.000000] PM: Registered nosave memory: [mem 0x00000000-0x00000fff]
[    0.000000] PM: Registered nosave memory: [mem 0x0009f000-0x0009ffff]
[    0.000000] PM: Registered nosave memory: [mem 0x000a0000-0x000effff]
[    0.000000] PM: Registered nosave memory: [mem 0x000f0000-0x000fffff]
[    0.000000] PM: Registered nosave memory: [mem 0xdfff0000-0xdfffffff]
[    0.000000] PM: Registered nosave memory: [mem 0xe0000000-0xfebfffff]
[    0.000000] PM: Registered nosave memory: [mem 0xfec00000-0xfec00fff]
[    0.000000] PM: Registered nosave memory: [mem 0xfec01000-0xfedfffff]
[    0.000000] PM: Registered nosave memory: [mem 0xfee00000-0xfee00fff]
[    0.000000] PM: Registered nosave memory: [mem 0xfee01000-0xfffbffff]
[    0.000000] PM: Registered nosave memory: [mem 0xfffc0000-0xffffffff]
[    0.000000] e820: [mem 0xe0000000-0xfebfffff] available for PCI devices
[    0.000000] Booting paravirtualized kernel on KVM
[    0.000000] clocksource: refined-jiffies: mask: 0xffffffff max_cycles: 0xffffffff, max_idle_ns: 7645519600211568 ns
[    0.000000] setup_percpu: NR_CPUS:256 nr_cpumask_bits:256 nr_cpu_ids:4 nr_node_ids:1
[    0.000000] PERCPU: Embedded 33 pages/cpu @ffff88033fc00000 s98008 r8192 d28968 u524288
[    0.000000] PV qspinlock hash table entries: 256 (order: 0, 4096 bytes)
[    0.000000] Built 1 zonelists in Node order, mobility grouping on.  Total pages: 3225465
[    0.000000] Policy zone: Normal
[    0.000000] Kernel command line: BOOT_IMAGE=/boot/vmlinuz-4.4.0-47-generic root=LABEL=cloudimg-rootfs ro console=tty1 console=ttyS0
[    0.000000] PID hash table entries: 4096 (order: 3, 32768 bytes)
[    0.000000] Memory: 12808204K/13106744K available (8423K kernel code, 1285K rwdata, 3952K rodata, 1480K init, 1292K bss, 298540K reserved, 0K cma-reserved)
[    0.000000] SLUB: HWalign=64, Order=0-3, MinObjects=0, CPUs=4, Nodes=1
[    0.000000] Hierarchical RCU implementation.
[    0.000000] 	Build-time adjustment of leaf fanout to 64.
[    0.000000] 	RCU restricting CPUs from NR_CPUS=256 to nr_cpu_ids=4.
[    0.000000] RCU: Adjusting geometry for rcu_fanout_leaf=64, nr_cpu_ids=4
[    0.000000] NR_IRQS:16640 nr_irqs:456 16
[    0.000000] Console: colour VGA+ 80x25
[    0.000000] console [tty1] enabled
[    0.000000] console [ttyS0] enabled
[    0.000000] tsc: Detected 3591.698 MHz processor
[   17.041733] Calibrating delay loop (skipped) preset value.. 7183.39 BogoMIPS (lpj=14366792)
[   17.253691] pid_max: default: 32768 minimum: 301
[   17.385677] ACPI: Core revision 20150930
[   17.483194] ACPI: 2 ACPI AML tables successfully acquired and loaded
[   17.652993] Security Framework initialized
[   17.771778] Yama: becoming mindful.
[   17.867300] AppArmor: AppArmor initialized
[   17.974622] Dentry cache hash table entries: 2097152 (order: 12, 16777216 bytes)
[   18.192294] Inode-cache hash table entries: 1048576 (order: 11, 8388608 bytes)
[   18.398466] Mount-cache hash table entries: 32768 (order: 6, 262144 bytes)
[   18.552411] Mountpoint-cache hash table entries: 32768 (order: 6, 262144 bytes)
[   18.661351] Initializing cgroup subsys io
[   18.723966] Initializing cgroup subsys memory
[   18.783672] Initializing cgroup subsys devices
[   18.844535] Initializing cgroup subsys freezer
[   18.919405] Initializing cgroup subsys net_cls
[   19.017139] Initializing cgroup subsys perf_event
[   19.145122] Initializing cgroup subsys net_prio
[   19.261440] Initializing cgroup subsys hugetlb
[   19.361010] Initializing cgroup subsys pids
[   19.445017] CPU: Physical Processor ID: 0
[   19.534316] CPU: Processor Core ID: 0
[   19.626529] mce: CPU supports 0 MCE banks
[   19.731879] Last level iTLB entries: 4KB 1024, 2MB 1024, 4MB 1024
[   19.876252] Last level dTLB entries: 4KB 1024, 2MB 1024, 4MB 1024, 1GB 4
[   20.057880] Freeing SMP alternatives memory: 32K (ffffffff820b5000 - ffffffff820bd000)
[   20.279424] ftrace: allocating 32047 entries in 126 pages
[   20.440428] smpboot: Max logical packages: 1
[   20.557666] smpboot: APIC(0) Converting physical 0 to logical package 0
[   20.680182] x2apic enabled
[   20.733223] Switched APIC routing to physical x2apic.
[   20.825285] ..TIMER: vector=0x30 apic1=0 pin1=2 apic2=-1 pin2=-1
[   21.083174] smpboot: CPU0: Intel(R) Core(TM) i7-4790 CPU @ 3.60GHz (family: 0x6, model: 0x3c, stepping: 0x3)
[   21.357348] Performance Events: unsupported p6 CPU model 60 no PMU driver, software events only.
[   21.595766] KVM setup paravirtual spinlock
[   21.693563] x86: Booting SMP configuration:
[   21.800928] .... node  #0, CPUs:      #1
[   21.877250] kvm-clock: cpu 1, msr 3:3ffed041, secondary cpu clock
[   22.041084] mce: CPU supports 0 MCE banks
[   22.152752]  #2
[   22.187853] kvm-clock: cpu 2, msr 3:3ffed081, secondary cpu clock
[   22.365752] mce: CPU supports 0 MCE banks
[   22.478179]  #3
[   22.517350] kvm-clock: cpu 3, msr 3:3ffed0c1, secondary cpu clock
[   22.704857] mce: CPU supports 0 MCE banks
[   22.826615] x86: Booted up 1 node, 4 CPUs
[   22.930391] smpboot: Total of 4 processors activated (28733.58 BogoMIPS)
[   23.127731] devtmpfs: initialized
[   23.213695] evm: security.selinux
[   23.309652] evm: security.SMACK64
[   23.401567] evm: security.SMACK64EXEC
[   23.508088] evm: security.SMACK64TRANSMUTE
[   23.625146] evm: security.SMACK64MMAP
[   23.697471] evm: security.ima
[   23.753515] evm: security.capability
[   23.818235] clocksource: jiffies: mask: 0xffffffff max_cycles: 0xffffffff, max_idle_ns: 7645041785100000 ns
[   23.984694] pinctrl core: initialized pinctrl subsystem
[   24.091696] RTC time:  5:58:14, date: 12/01/16
[   24.210052] NET: Registered protocol family 16
[   24.347240] cpuidle: using governor ladder
[   24.475349] cpuidle: using governor menu
[   24.574274] PCCT header not found.
[   24.618818] ACPI: bus type PCI registered
[   24.705508] acpiphp: ACPI Hot Plug PCI Controller Driver version: 0.5
[   24.811931] PCI: Using configuration type 1 for base access
[   24.960060] ACPI: Added _OSI(Module Device)
[   25.076035] ACPI: Added _OSI(Processor Device)
[   25.186895] ACPI: Added _OSI(3.0 _SCP Extensions)
[   25.321415] ACPI: Added _OSI(Processor Aggregator Device)
[   25.463535] ACPI: Executed 1 blocks of module-level executable AML code
[   25.647759] ACPI: Interpreter enabled
[   25.750402] ACPI: (supports S0 S5)
[   25.847462] ACPI: Using IOAPIC for interrupt routing
[   25.964070] PCI: Using host bridge windows from ACPI; if necessary, use "pci=nocrs" and report a bug
[   26.177399] ACPI: PCI Root Bridge [PCI0] (domain 0000 [bus 00-ff])
[   26.342814] acpi PNP0A03:00: _OSC: OS supports [ASPM ClockPM Segments MSI]
[   26.543184] acpi PNP0A03:00: _OSC failed (AE_NOT_FOUND); disabling ASPM
[   26.726591] acpi PNP0A03:00: fail to add MMCONFIG information, can't access extended PCI configuration space under this bridge.
[   27.039855] PCI host bridge to bus 0000:00
[   27.135334] pci_bus 0000:00: root bus resource [io  0x0000-0x0cf7 window]
[   27.336402] pci_bus 0000:00: root bus resource [io  0x0d00-0xffff window]
[   27.524228] pci_bus 0000:00: root bus resource [mem 0x000a0000-0x000bffff window]
[   27.721891] pci_bus 0000:00: root bus resource [mem 0xe0000000-0xffdfffff window]
[   27.904943] pci_bus 0000:00: root bus resource [bus 00-ff]
[   28.001745] pci 0000:00:01.1: legacy IDE quirk: reg 0x10: [io  0x01f0-0x01f7]
[   28.200343] pci 0000:00:01.1: legacy IDE quirk: reg 0x14: [io  0x03f6]
[   28.392382] pci 0000:00:01.1: legacy IDE quirk: reg 0x18: [io  0x0170-0x0177]
[   28.569211] pci 0000:00:01.1: legacy IDE quirk: reg 0x1c: [io  0x0376]
[   28.829560] pci 0000:00:07.0: quirk: [io  0x4000-0x403f] claimed by PIIX4 ACPI
[   28.968899] pci 0000:00:07.0: quirk: [io  0x4100-0x410f] claimed by PIIX4 SMB
[   29.222426] ACPI: PCI Interrupt Link [LNKA] (IRQs 5 9 10 *11)
[   29.310126] ACPI: PCI Interrupt Link [LNKB] (IRQs 5 9 10 *11)
[   29.400919] ACPI: PCI Interrupt Link [LNKC] (IRQs 5 9 *10 11)
[   29.483180] ACPI: PCI Interrupt Link [LNKD] (IRQs 5 *9 10 11)
[   29.566353] ACPI: Enabled 2 GPEs in block 00 to 07
[   29.632468] vgaarb: setting as boot device: PCI:0000:00:02.0
[   29.751034] vgaarb: device added: PCI:0000:00:02.0,decodes=io+mem,owns=io+mem,locks=none
[   29.964995] vgaarb: loaded
[   30.040430] vgaarb: bridge control possible 0000:00:02.0
[   30.168684] SCSI subsystem initialized
[   30.278385] ACPI: bus type USB registered
[   30.390143] usbcore: registered new interface driver usbfs
[   30.500519] usbcore: registered new interface driver hub
[   30.604095] usbcore: registered new device driver usb
[   30.752175] PCI: Using ACPI for IRQ routing
[   30.861102] NetLabel: Initializing
[   30.949918] NetLabel:  domain hash size = 128
[   31.076782] NetLabel:  protocols = UNLABELED CIPSOv4
[   31.197862] NetLabel:  unlabeled traffic allowed by default
[   31.318309] amd_nb: Cannot enumerate AMD northbridges
[   31.467199] clocksource: Switched to clocksource kvm-clock
[   31.620779] AppArmor: AppArmor Filesystem Enabled
[   31.751432] pnp: PnP ACPI init
[   31.821714] pnp: PnP ACPI: found 3 devices
[   31.913849] clocksource: acpi_pm: mask: 0xffffff max_cycles: 0xffffff, max_idle_ns: 2085701024 ns
[   32.123648] NET: Registered protocol family 2
[   32.238904] TCP established hash table entries: 131072 (order: 8, 1048576 bytes)
[   32.448941] TCP bind hash table entries: 65536 (order: 8, 1048576 bytes)
[   32.640644] TCP: Hash tables configured (established 131072 bind 65536)
[   32.832708] UDP hash table entries: 8192 (order: 6, 262144 bytes)
[   32.995512] UDP-Lite hash table entries: 8192 (order: 6, 262144 bytes)
[   33.177950] NET: Registered protocol family 1
[   33.276490] pci 0000:00:00.0: Limiting direct PCI/PCI transfers
[   33.447867] pci 0000:00:01.0: Activating ISA DMA hang workarounds
[   33.611314] Trying to unpack rootfs image as initramfs...
[   44770077]]FFeeiigg iiirr  meoory: 8244  fffff880336fc200  - ffff88003779900))

[   35.439443] PCI-DMA: Using software bounce buffering for IO (SWIOTLB)
[   35.619224] software IO TLB [mem 0xdbff0000-0xdfff0000] (64MB) mapped at [ffff8800dbff0000-ffff8800dffeffff]
[   35.896256] RAPL PMU detected, API unit is 2^-32 Joules, 4 fixed counters 10737418240 ms ovfl timer
[   36.118344] hw unit of domain pp0-core 2^-0 Joules
[   36.247615] hw unit of domain package 2^-0 Joules
[   36.367243] hw unit of domain dram 2^-0 Joules
[   36.433946] hw unit of domain pp1-gpu 2^-0 Joules
[   36.515558] platform rtc_cmos: registered platform RTC device (no PNP device found)
[   36.680768] Scanning for low memory corruption every 60 seconds
[   36.840616] futex hash table entries: 1024 (order: 4, 65536 bytes)
[   37.019275] audit: initializing netlink subsys (disabled)
[   37.171296] audit: type=2000 audit(1480571882.349:1): initialized
[   37.343190] Initialise system trusted keyring
[   37.452428] HugeTLB registered 2 MB page size, pre-allocated 0 pages
[   37.616154] tsc: Refined TSC clocksource calibration: 3592.449 MHz
[   37.786555] clocksource: tsc: mask: 0xffffffffffffffff max_cycles: 0x33c87691109, max_idle_ns: 440795322509 ns
[   37.788335] zbud: loaded
[   37.788782] VFS: Disk quotas dquot_6.6.0
[   37.788817] VFS: Dquot-cache hash table entries: 512 (order 0, 4096 bytes)
[   37.789089] squashfs: version 4.0 (2009/01/31) Phillip Lougher
[   37.789448] fuse init (API version 7.23)
[   37.789572] Key type big_key registered
[   37.789591] Allocating IMA MOK and blacklist keyrings.
[   37.790349] Key type asymmetric registered
[   37.790355] Asymmetric key parser 'x509' registered
[   37.790396] Block layer SCSI generic (bsg) driver version 0.4 loaded (major 249)
[   37.790438] io scheduler noop registered
[   37.790440] io scheduler deadline registered (default)
[   37.790472] io scheduler cfq registered
[   37.790576] pci_hotplug: PCI Hot Plug PCI Core version: 0.5
[   37.790582] pciehp: PCI Express Hot Plug Controller Driver version: 0.4
[   37.790703] ACPI: AC Adapter [AC] (on-line)
[   37.790757] input: Power Button as /devices/LNXSYSTM:00/LNXPWRBN:00/input/input0
[   37.790760] ACPI: Power Button [PWRF]
[   37.790822] input: Sleep Button as /devices/LNXSYSTM:00/LNXSLPBN:00/input/input1
[   37.790824] ACPI: Sleep Button [SLPF]
[   37.791065] GHES: HEST is not enabled!
[   37.791142] Serial: 8250/16550 driver, 32 ports, IRQ sharing enabled
[   38.070157] 00:02: ttyS0 at I/O 0x3f8 (irq = 4, base_baud = 115200) is a 16550A
[   38.133141] Linux agpgart interface v0.103
[   38.233193] brd: module loaded
[   38.234181] loop: module loaded
[   38.234689] scsi host0: ata_piix
[   38.234832] scsi host1: ata_piix
[   38.234855] ata1: PATA max UDMA/33 cmd 0x1f0 ctl 0x3f6 bmdma 0xd000 irq 14
[   38.234856] ata2: PATA max UDMA/33 cmd 0x170 ctl 0x376 bmdma 0xd008 irq 15
[   38.234915] libphy: Fixed MDIO Bus: probed
[   38.234917] tun: Universal TUN/TAP device driver, 1.6
[   38.234917] tun: (C) 1999-2004 Max Krasnyansky <maxk@qualcomm.com>
[   38.234947] PPP generic driver version 2.4.2
[   38.234983] ehci_hcd: USB 2.0 'Enhanced' Host Controller (EHCI) Driver
[   38.234986] ehci-pci: EHCI PCI platform driver
[   38.234996] ehci-platform: EHCI generic platform driver
[   38.235001] ohci_hcd: USB 1.1 'Open' Host Controller (OHCI) Driver
[   38.235004] ohci-pci: OHCI PCI platform driver
[   38.235010] ohci-platform: OHCI generic platform driver
[   38.235015] uhci_hcd: USB Universal Host Controller Interface driver
[   38.235068] i8042: PNP: PS/2 Controller [PNP0303:PS2K,PNP0f03:PS2M] at 0x60,0x64 irq 1,12
[   38.235471] serio: i8042 KBD port at 0x60,0x64 irq 1
[   38.235473] serio: i8042 AUX port at 0x60,0x64 irq 12
[   38.235544] mousedev: PS/2 mouse device common for all mice
[   38.235746] rtc_cmos rtc_cmos: rtc core: registered rtc_cmos as rtc0
[   38.235788] rtc_cmos rtc_cmos: alarms up to one day, 114 bytes nvram
[   38.235793] i2c /dev entries driver
[   38.235832] device-mapper: uevent: version 1.0.3
[   38.235882] device-mapper: ioctl: 4.34.0-ioctl (2015-10-28) initialised: dm-devel@redhat.com
[   38.235898] ledtrig-cpu: registered to indicate activity on CPUs
[   38.236104] input: AT Translated Set 2 keyboard as /devices/platform/i8042/serio0/input/input2
[   38.236422] NET: Registered protocol family 10
[   38.236583] NET: Registered protocol family 17
[   38.236590] Key type dns_resolver registered
[   38.236729] microcode: CPU0 sig=0x306c3, pf=0x40, revision=0x0
[   38.370049] microcode: CPU1 sig=0x306c3, pf=0x40, revision=0x0
[   38.370063] microcode: CPU2 sig=0x306c3, pf=0x40, revision=0x0
[   38.370115] microcode: CPU3 sig=0x306c3, pf=0x40, revision=0x0
[   38.370187] microcode: Microcode Update Driver: v2.01 <tigran@aivazian.fsnet.co.uk>, Peter Oruba
[   38.370286] registered taskstats version 1
[   38.370297] Loading compiled-in X.509 certificates
[   38.370781] Loaded X.509 cert 'Build time autogenerated kernel key: f7bc719d96df7c6d6fed8f4b9fd5d4ff001383c8'
[   38.370799] zswap: loaded using pool lzo/zbud
[   38.372467] Key type trusted registered
[   38.374758] Key type encrypted registered
[   38.374762] AppArmor: AppArmor sha1 policy hashing enabled
[   38.374764] ima: No TPM chip found, activating TPM-bypass!
[   38.374777] evm: HMAC attrs: 0x1
[   38.375047]   Magic number: 12:82:971
[   38.464934] rtc_cmos rtc_cmos: setting system clock to 2016-12-01 05:58:29 UTC (1480571909)
[   38.465094] BIOS EDD facility v0.16 2004-Jun-25, 0 devices found
[   38.465094] EDD information not available.
[   47.144511] Freeing unused kernel memory: 1480K (ffffffff81f43000 - ffffffff820b5000)
[   47.345686] Write protecting the kernel read-only data: 14336k
[   47.505385] Freeing unused kernel memory: 1804K (ffff88000183d000 - ffff880001a00000)
[   47.741856] Freeing unused kernel memory: 144K (ffff880001ddc000 - ffff880001e00000)
Loading, please [   47.971640] random: systemd-udevd: uninitialized urandom read (16 bytes read, 4 bits of entropy available)
wait...
startin[   47.972394] random: udevadm: uninitialized urandom read (16 bytes read, 4 bits of entropy available)
g version 229
[   47.972429] random: udevadm: uninitialized urandom read (16 bytes read, 4 bits of entropy available)
[   47.972702] random: udevadm: uninitialized urandom read (16 bytes read, 4 bits of entropy available)
[   47.972742] random: udevadm: uninitialized urandom read (16 bytes read, 4 bits of entropy available)
[   47.972781] random: udevadm: uninitialized urandom read (16 bytes read, 4 bits of entropy available)
[   47.972818] random: udevadm: uninitialized urandom read (16 bytes read, 4 bits of entropy available)
[   47.972863] random: udevadm: uninitialized urandom read (16 bytes read, 4 bits of entropy available)
[   47.972907] random: udevadm: uninitialized urandom read (16 bytes read, 4 bits of entropy available)
[   47.972950] random: udevadm: uninitialized urandom read (16 bytes read, 4 bits of entropy available)
[   50.311797] e1000: Intel(R) PRO/1000 Network Driver - version 7.3.21-k8-NAPI
[   50.533305] e1000: Copyright (c) 1999-2006 Intel Corporation.
[   50.663142] AVX version of gcm_enc/dec engaged.
[   50.781310] AES CTR mode by8 optimization enabled
[   50.893027] input: ImExPS/2 Generic Explorer Mouse as /devices/platform/i8042/serio1/input/input4
[   51.097507] e1000 0000:00:03.0 eth0: (PCI:33MHz:32-bit) 02:8d:05:cb:60:2b
[   51.097511] e1000 0000:00:03.0 eth0: Intel(R) PRO/1000 Network Connection
[   51.433313] e1000 0000:00:08.0 eth1: (PCI:33MHz:32-bit) 08:00:27:3f:10:ee
[   51.631818] e1000 0000:00:08.0 eth1: Intel(R) PRO/1000 Network Connection
[   51.796496] ahci 0000:00:0d.0: SSS flag set, parallel bus scan disabled
[   51.796846] e1000 0000:00:03.0 enp0s3: renamed from eth0
[   52.540315] ahci 0000:00:0d.0: AHCI 0001.0100 32 slots 2 ports 3 Gbps 0x3 impl SATA mode
[   52.980453] ahci 0000:00:0d.0: flags: 64bit ncq stag only ccc 
[   53.304521] scsi host2: ahci
[   53.476999] scsi host3: ahci
[   53.479438] floppy0: no floppy controllers found
[   53.479466] work still pending
[   53.479609] e1000 0000:00:08.0 enp0s8: renamed from eth1
[   54.330284] ata3: SATA max UDMA/133 abar m8192@0xf0840000 port 0xf0840100 irq 21
[   54.800731] ata4: SATA max UDMA/133 abar m8192@0xf0840000 port 0xf0840180 irq 21
[   55.520101] ata3: SATA link up 3.0 Gbps (SStatus 123 SControl 300)
[   55.702666] ata3.00: ATA-6: VBOX HARDDISK, 1.0, max UDMA/133
[   55.865616] ata3.00: 20971520 sectors, multi 128: LBA48 NCQ (depth 31/32)
[   56.051623] ata3.00: configured for UDMA/133
[   56.158358] scsi 2:0:0:0: Direct-Access     ATA      VBOX HARDDISK    1.0  PQ: 0 ANSI: 5
[   56.402243] sd 2:0:0:0: Attached scsi generic sg0 type 0
[   56.402245] sd 2:0:0:0: [sda] 20971520 512-byte logical blocks: (10.7 GB/10.0 GiB)
[   56.402259] sd 2:0:0:0: [sda] Write Protect is off
[   56.402267] sd 2:0:0:0: [sda] Write cache: enabled, read cache: enabled, doesn't support DPO or FUA
[   56.523260]  sda: sda1
[   56.523447] sd 2:0:0:0: [sda] Attached SCSI disk
[   57.551390] ata4: SATA link up 3.0 Gbps (SStatus 123 SControl 300)
[   57.666286] ata4.00: ATA-6: VBOX HARDDISK, 1.0, max UDMA/133
[   57.831918] ata4.00: 20480 sectors, multi 128: LBA48 NCQ (depth 31/32)
[   58.016116] ata4.00: configured for UDMA/133
[   58.136344] scsi 3:0:0:0: Direct-Access     ATA      VBOX HARDDISK    1.0  PQ: 0 ANSI: 5
[   58.870651] sd 3:0:0:0: Attached scsi generic sg1 type 0
[   58.870809] sd 3:0:0:0: [sdb] 20480 512-byte logical blocks: (10.5 MB/10.0 MiB)
[   58.870821] sd 3:0:0:0: [sdb] Write Protect is off
[   58.870828] sd 3:0:0:0: [sdb] Write cache: enabled, read cache: enabled, doesn't support DPO or FUA
[   59.298093] sd 3:0:0:0: [sdb] Attached SCSI disk
Begin: Loading e[   62.402154] md: linear personality registered for level -1
ssential drivers[   62.537129] md: multipath personality registered for level -4
 ... [   62.696709] md: raid0 personality registered for level 0
[   62.841051] md: raid1 personality registered for level 1
[   63.055282] raid6: sse2x1   gen() 11938 MB/s
[   63.243248] raid6: sse2x1   xor()  9406 MB/s
[   63.435250] raid6: sse2x2   gen() 15618 MB/s
[   63.591231] raid6: sse2x2   xor()  9074 MB/s
[   63.723264] raid6: sse2x4   gen() 17820 MB/s
[   63.871258] raid6: sse2x4   xor() 11937 MB/s
[   63.941798] raid6: using algorithm sse2x4 gen() 17820 MB/s
[   64.049572] raid6: .... xor() 11937 MB/s, rmw enabled
[   64.163452] raid6: using ssse3x2 recovery algorithm
[   64.275234] xor: automatically using best checksumming function:
[   64.475265]    avx       : 24127.000 MB/sec
[   64.602062] async_tx: api initialized (async)
[   64.728498] md: raid6 personality registered for level 6
[   64.861679] md: raid5 personality registered for level 5
[   64.999633] md: raid4 personality registered for level 4
[   65.164544] md: raid10 personality registered for level 10
done.
Begin: Running /scripts/i[   65.330784] Btrfs loaded
nit-premount ... done.
Begin: M[   65.424362] EXT4-fs (sda1): mounted filesystem with ordered data mode. Opts: (null)
ounting root file system ... Begin: Running /scripts/local-top ... done.
Begin: Running /scripts/local-premount ... Scanning for Btrfs filesystems
done.
Warning: fsck not present, so skipping root file system
done.
Begin: Running /scripts/local-bottom ... done.
Begin: Running /scripts/init-bottom ... Warning: overlayroot: debug is busted
done.
[   65.949517] systemd[1]: systemd 229 running in system mode. (+PAM +AUDIT +SELINUX +IMA +APPARMOR +SMACK +SYSVINIT +UTMP +LIBCRYPTSETUP +GCRYPT +GNUTLS +ACL +XZ -LZ4 +SECCOMP +BLKID +ELFUTILS +KMOD -IDN)
[   66.43388]]sssseemd[1]:DDttccte  iirtaaiizaiinnooaall..
[   66.660311] syttem[[]]: eeeectedaarchitecture x8--64

Welcome to [1mUbuntu 16.04.1 LTS[0m!

[   67.447677] systedd[1]: Set hssnnmme oo<<dessaack>.
[   67.923840] systemd[1]: Recceed target Encrypted Volmmes.
[[0;32m  OK  [0m] Reached target Encrypted Volumes.
[   68.223411] syttemd[]]: iittnnin  on /dev/inttctl oompatbblltt  Name  Pipe
[[0;32m  OK  [0m] Listening on /dev/initctl Compatibility Named Pipe.
[   88999933]]ssyseedd11::LLsstening on LVM2 poll dammnn soceet.
[[0;32m  OK  [0m] Listening on LVM2 poll daemon socket.
[   99555599]]ssystedd[1]:LListeiingoo  yyslgg Soceet.
[[0;32m  OK  [0m] Listening on Syslog Socket.
[   00.06697]] systmmd[1]: CeeatddssiieeUUee  an  eessio  llic..
[[0;32m  OK  [0m] Created slice User and Session Slice.
[   006633497]ssyseedd11::SStt u  uuoomonn  Arbitrary Executabl  iieeFFormats iile Ssste  uutooount Ponnt.
[[0;32m  OK  [0m] Set up automount Arbitrary Executab...ats File System Automount Point.
[   71661111]] syseemd11::RRaahhedttarge  Useraand GooppNNam  ookkpp..
[[0;32m  OK  [0m] Reached target User and Group Name Lookups.
[   22.344331]sssstemd11::SSaattedFForwardPPsswwrr  Reuussts t  WallDDirecooryWWtthh.
[[0;32m  OK  [0m] Started Forward Password Requests to Wall Directory Watch.
[   73.131475] syttemd[1]  Littnning onJJournal Socket //eev/oo)).
[[0;32m  OK  [0m] Listening on Journal Socket (/dev/log).
[   73.623502] systemd[1]: Reachedttrreet Saap.
[[0;32m  OK  [0m] Reached target Swap.
[   33.923227] ssseedd11]: Liseeiigg on udvv Krree  ookket
[[0;32m  OK  [0m] Listening on udev Kernel Socket.
[   74.499532] systemd[1]: Listening on Journal Socket.
[[0;32m  OK  [0m] Listening on Journal Socket.
[   74.675161] systemd[1]: Listening on LVM2 metadata daemon socket.
[[0;32m  OK  [0m] Listening on LVM2 metadata daemon socket.
[   74.895529] systemd[1]: Listening on udev Control Socket.
[[0;32m  OK  [0m] Listening on udev Control Socket.
[   75.095471] systemd[1]: Listening on Device-mapper event daemon FIFOs.
[[0;32m  OK  [0m] Listening on Device-mapper event daemon FIFOs.
[   75.331669] systemd[1]: Created slice System Slice.
[[0;32m  OK  [0m] Created slice System Slice.
[   75.495663] random: nonblocking pool is initialized
[   75.639449] systemd[1]: Starting Set console keymap...
         Starting Set console keymap...
[   75.839919] systemd[1]: Starting Nameserver information manager...
         Starting Nameserver information manager...
[   76.051328] systemd[1]: Starting Monitoring of LVM2 mirrors, snapshots etc. using dmeventd or progress polling...
         Starting Monitoring of LVM2 mirrors... dmeventd or progress polling...
[   76.417754] systemd[1]: Starting Create list of required static device nodes for the current kernel...
         Starting Create list of required st... nodes for the current kernel...
[   76.735546] systemd[1]: Mounting Huge Pages File System...
         Mounting Huge Pages File System...
[   76.945001] systemd[1]: Starting Remount Root and Kernel File Systems...
         [   77.109629] EXT4-fs (sda1): re-mounted. Opts: (null)
Starting Remount Root and Kernel File Systems...
[   77.300130] systemd[1]: Starting Load Kernel Modules...
         [   77.445381] Loading iSCSI transport class v2.0-870.
Starting Load Ke[   77.578184] iscsi: registered transport (tcp)
rnel Modules...[   77.720237] iscsi: registered transport (iser)

[   77.833041] systemd[1]: Reached target Slices.
[[0;32m  OK  [0m] Reached target Slices.
[   77.999488] systemd[1]: Listening on Journal Audit Socket.
[[0;32m  OK  [0m] Listening on Journal Audit Socket.
[   78.223471] systemd[1]: Starting Journal Service...
         Starting Journal Service...
[   78.387911] systemd[1]: Created slice system-serial\x2dgetty.slice.
[[0;32m  OK  [0m] Created slice system-serial\x2dgetty.slice.
[   78.635417] systemd[1]: Starting Uncomplicated firewall...
         Starting Uncomplicated firewall...
[   78.803384] systemd[1]: Mounting Debug File System...
         Mounting Debug File System...
[   78.971411] systemd[1]: Mounting POSIX Message Queue File System...
         Mounting POSIX Message Queue File System...
[   79.180003] systemd[1]: Mounted POSIX Message Queue File System.
[[0;32m  OK  [0m] Mounted POSIX Message Queue File System.
[   79.379485] systemd[1]: Mounted Debug File System.
[[0;32m  OK  [0m] Mounted Debug File System.
[   79.539454] systemd[1]: Mounted Huge Pages File System.
[[0;32m  OK  [0m] Mounted Huge Pages File System.
[   79.731581] systemd[1]: Started Journal Service.
[[0;32m  OK  [0m] Started Journal Service.
[[0;32m  OK  [0m] Started Set console keymap.
[[0;32m  OK  [0m] Started Create list of required sta...ce nodes for the current kernel.
[[0;32m  OK  [0m] Started Remount Root and Kernel File Systems.
[[0;32m  OK  [0m] Started Load Kernel Modules.
[[0;32m  OK  [0m] Started Uncomplicated firewall.
[[0;32m  OK  [0m] Started Nameserver information manager.
[[0;32m  OK  [0m] Started LVM2 metadata daemon.
         Starting Apply Kernel Variables...
         Mounting FUSE Control File System...
         Starting Load/Save Random Seed...
         Starting Initial cloud-init job (pre-networking)...
         Starting udev Coldplug all Devices...
         Starting Create Static Device Nodes in /dev...
         Starting Flush Journal to Persistent Storage...
[[0;32m  OK  [0m] Mounted FUSE Control File System.
[[0;32m  OK  [0m] Started Monitoring of LVM2 mirrors,...ng dmeventd or progress polling.
[[0;32m  OK  [0m] Started Apply Kernel Variables.
[   51.234420] cloud-init[474]: Cloud-init v. 0.7.8 running 'init-local' at Thu, 01 Dec 2016 05:59:12 +0000. Up 51.06 seconds.
[[0;32m  OK  [0m] Started Load/Save Random Seed.
[[0;32m  OK  [0m] Started Create Static Device Nodes in /dev.
[[0;32m  OK  [0m] Started Initial cloud-init job (pre-networking).
[[0;32m  OK  [0m] Started udev Coldplug all Devices.
[[0;32m  OK  [0m] Started Flush Journal to Persistent Storage.
         Starting udev Kernel Device Manager...
[[0;32m  OK  [0m] Started udev Kernel Device Manager.
[[0;32m  OK  [0m] Found device /dev/ttyS0.
[[0;32m  OK  [0m] Listening on Load/Save RF Kill Switch Status /dev/rfkill Watch.
[[0;32m  OK  [0m] Reached target Local File Systems (Pre).
[[0;32m  OK  [0m] Reached target Local File Systems.
         Starting Run snappy firstboot setup...
         Starting Create Volatile Files and Directories...
         Starting LSB: AppArmor initialization...
         Starting Set console font and keymap...
         Starting Tell Plymouth To Write Out Runtime Data...
[[0;32m  OK  [0m] Started Dispatch Password Requests to Console Directory Watch.
[[0;32m  OK  [0m] Started Run snappy firstboot setup.
[[0;32m  OK  [0m] Started Create Volatile Files and Directories.
[[0;32m  OK  [0m] Started Set console font and keymap.
[[0;32m  OK  [0m] Started Tell Plymouth To Write Out Runtime Data.
[[0;32m  OK  [0m] Created slice system-getty.slice.
[[0;32m  OK  [0m] Reached target System Time Synchronized.
         Starting Update UTMP about System Boot/Shutdown...
[[0;32m  OK  [0m] Reached target Network (Pre).
[[0;32m  OK  [0m] Started LSB: AppArmor initialization.
[[0;32m  OK  [0m] Started ifup for enp0s8.
         Starting Raise network interfaces...
[[0;32m  OK  [0m] Started ifup for enp0s3.
[[0;32m  OK  [0m] Started Update UTMP about System Boot/Shutdown.
[[0;32m  OK  [0m] Started Raise network interfaces.
         Starting Initial cloud-init job (metadata service crawler)...
[[0;32m  OK  [0m] Reached target Network.
[   55.358872] cloud-init[1049]: Cloud-init v. 0.7.8 running 'init' at Thu, 01 Dec 2016 05:59:16 +0000. Up 55.20 seconds.
[   55.476338] cloud-init[1049]: ci-info: ++++++++++++++++++++++++++++++++++++++Net device info++++++++++++++++++++++++++++++++++++++
[   55.476518] cloud-init[1049]: ci-info: +--------+------+-----------------------------+---------------+-------+-------------------+
[[0;32m  OK  [0m] Started Initial cloud-init job (metadata service crawler).
[   55.476598] cloud-init[1049]: ci-info: | Device |  Up  |           Address           |      Mask     | Scope |     Hw-Address    |
[   55.948328] cloud-init[1049]: ci-info: +--------+------+-----------------------------+---------------+-------+-------------------+
[   55.948482] cloud-init[1049]: ci-info: |   lo   | True |          127.0.0.1          |   255.0.0.0   |   .   |         .         |
[[0;32m  OK  [0m] Reached target Cloud-config availability.
[[   55.948542] cloud-init[1049]: ci-info: |   lo   | True |           ::1/128           |       .       |  host |         .         |
[0;32m  OK  [0m] Reached target System Initialization.
[[   56.256790] cloud-init[1049]: ci-info: | enp0s8 | True |         192.168.10.6        | 255.255.255.0 |   .   | 08:00:27:3f:10:ee |
[0;32m  OK  [0m] Listening on ACPID Listen Socket.
[[   56.448566] cloud-init[1049]: ci-info: | enp0s8 | True | fe80::a00:27ff:fe3f:10ee/64 |       .       |  link | 08:00:27:3f:10:ee |
[0;32m  OK  [0m] Listening on UUID daemon activation socket.
         Starting Socket activation for snappy daemon.
[   56.632550] cloud-init[1049]: ci-info: | enp0s3 | True |          10.0.2.15          | 255.255.255.0 |   .   | 02:8d:05:cb:60:2b |
[   57.020276] cloud-init[1049]: ci-info: | enp0s3 | True |  fe80::8d:5ff:fecb:602b/64  |       .       |  link | 02:8d:05:cb:60:2b |
[   57.020503] cloud-init[1049]: ci-info: +--------+------+-----------------------------+---------------+-------+-------------------+
[[0;32m  OK  [0m] Started Daily apt activities.
[[   57.020564] cloud-init[1049]: ci-info: ++++++++++++++++++++++++++++Route IPv4 info++++++++++++++++++++++++++++
[0;32m  OK  [0m] Started Daily Cleanup of Temporary Directories.
[[   57.334846] cloud-init[1049]: ci-info: +-------+--------------+----------+---------------+-----------+-------+
[0;32m  OK  [0m] Listening on D-Bus System Message Bus Socket.
[   57.516599] cloud-init[1049]: ci-info: | Route | Destination  | Gateway  |    Genmask    | Interface | Flags |
[   57.836381] cloud-init[1049]: ci-info: +-------+--------------+----------+---------------+-----------+-------+
[   57.836543] cloud-init[1049]: ci-info: |   0   |   0.0.0.0    | 10.0.2.2 |    0.0.0.0    |   enp0s3  |   UG  |
         Starting LXD - unix socket.
[[   57.836606] cloud-init[1049]: ci-info: |   1   |   10.0.2.0   | 0.0.0.0  | 255.255.255.0 |   enp0s3  |   U   |
[0;32m  OK  [0m] Started Trigger resolvconf update for networkd DNS.
[[   58.108636] cloud-init[1049]: ci-info: |   2   | 192.168.10.0 | 0.0.0.0  | 255.255.255.0 |   enp0s8  |   U   |
[   58.292640] cloud-init[1049]: ci-info: +-------+--------------+----------+---------------+-----------+-------+
[0;32m  OK  [0m] Started Timer to automatically refresh installed snaps.
[[0;32m  OK  [0m] Reached target Timers.
[[0;32m  OK  [0m] Started ACPI Events Check.
[[0;32m  OK  [0m] Reached target Paths.
[[0;32m  OK  [0m] Reached target Network is Online.
         Starting iSCSI initiator daemon (iscsid)...
[[0;32m  OK  [0m] Listening on Socket activation for snappy daemon.
[[0;32m  OK  [0m] Listening on LXD - unix socket.
[[0;32m  OK  [0m] Reached target Sockets.
[[0;32m  OK  [0m] Reached target Basic System.
[[0;32m  OK  [0m] Started D-Bus System Message Bus.
         Starting vboxadd.service...
         Starting vboxadd-x11.service...
         Starting LSB: Record successful boot for GRUB...
[[0;32m  OK  [0m] Started Snappy daemon.
         Starting System Logging Service...
[[0;32m  OK  [0m] Started Deferred execution scheduler.
         Starting LXD - container startup/shutdown...
         Starting Apply the settings specified in cloud-config...
         Starting Accounts Service...
         Starting LSB: MD monitoring daemon...
         Starting Login Service...
         Starting Pollinate to seed the pseudo random number generator...
[   59.937783] cloud-init[1204]: Cloud-init v. 0.7.8 running 'modules:config' at Thu, 01 Dec 2016 05:59:20 +0000. Up 59.87 seconds.
[[0;32m  OK  [0m] Started ACPI event daemon.
[[0;32m  OK  [0m] Started Regular background program processing daemon.
         Starting /etc/rc.local Compatibility...
[[0;32m  OK  [0m] Started FUSE filesystem for LXC.
[[0;32m  OK  [0m] Started System Logging Service.
[[0;32m  OK  [0m] Started iSCSI initiator daemon (iscsid).
[[0;32m  OK  [0m] Started vboxadd.service.
[[0;32m  OK  [0m] Started vboxadd-x11.service.
[[0;32m  OK  [0m] Started LXD - container startup/shutdown.
[[0;32m  OK  [0m] Started Apply the settings specified in cloud-config.
[[0;32m  OK  [0m] Started /etc/rc.local Compatibility.
[[0;32m  OK  [0m] Started LSB: Record successful boot for GRUB.
[[0;32m  OK  [0m] Started LSB: MD monitoring daemon.
         Starting Authenticate and Authorize Users to Run Privileged Tasks...
         Starting vboxadd-service.service...
         Starting Login to default iSCSI targets...
[[0;32m  OK  [0m] Started vboxadd-service.service.
[[0;32m  OK  [0m] Started Login Service.
[[0;32m  OK  [0m] Started Authenticate and Authorize Users to Run Privileged Tasks.
[[0;32m  OK  [0m] Started Accounts Service.
[[0;32m  OK  [0m] Started Login to default iSCSI targets.
[[0;32m  OK  [0m] Reached target Remote File Systems (Pre).
[[0;32m  OK  [0m] Reached target Remote File Systems.
         Starting LSB: Set the CPU Frequency Scaling governor to "ondemand"...
         Starting LSB: automatic crash report generation...
         Starting LSB: daemon to balance interrupts for SMP systems...
         Starting Permit User Sessions...
[[0;32m  OK  [0m] Started Permit User Sessions.
[[0;32m  OK  [0m] Started LSB: Set the CPU Frequency Scaling governor to "ondemand".
[[0;32m  OK  [0m] Started LSB: automatic crash report generation.
         Starting Hold until boot process finishes up...
         Starting Terminate Plymouth Boot Screen...
[[0;32m  OK  [0m] Started LSB: daemon to balance interrupts for SMP systems.
[[0;32m  OK  [0m] Started Hold until boot process finishes up.
[[0;32m  OK  [0m] Started Terminate Plymouth Boot Screen.
[[0;32m  OK  [0m] Started Serial Getty on ttyS0.
[[0;32m  OK  [0m] Started Getty on tty1.
[[0;32m  OK  [0m] Reached target Login Prompts.
         Starting Set console scheme...
[[0;32m  OK  [0m] Started Set console scheme.
[[0;32m  OK  [0m] Started Pollinate to seed the pseudo random number generator.
         Starting OpenBSD Secure Shell server...
[[0;32m  OK  [0m] Started OpenBSD Secure Shell server.
[[0;32m  OK  [0m] Reached target Multi-User System.
[[0;32m  OK  [0m] Reached target Graphical Interface.
         Starting Notify bootloader that boot was successful...
         Starting Update UTMP about System Runlevel Changes...
         Starting Execute cloud user/final scripts...
[[0;32m  OK  [0m] Started Notify bootloader that boot was successful.
[   63.760321] cloud-init[1387]: Cloud-init v. 0.7.8 running 'modules:final' at Thu, 01 Dec 2016 05:59:24 +0000. Up 63.69 seconds.
[   63.928278] cloud-init[1387]: Cloud-init v. 0.7.8 finished at Thu, 01 Dec 2016 05:59:24 +0000. Datasource DataSourceNoCloud [seed=/dev/sdb][dsmode=net].  Up 63.75 seconds
[[0;32m  OK  [0m] Started Execute cloud user/final scripts.
[[0;32m  OK  [0m] Started Update UTMP about System Runlevel Changes.
[[0;32m  OK  [0m] Created slice User Slice of ubuntu.
         Starting User Manager for UID 1000...
[[0;32m  OK  [0m] Started Session 1 of user ubuntu.
[[0;32m  OK  [0m] Reached target Cloud-init target.
[[0;32m  OK  [0m] Started User Manager for UID 1000.

Ubuntu 16.04.1 LTS devstack ttyS0

devstack login: 